{"total": {"lines":{"total":61,"covered":61,"skipped":0,"pct":100},"statements":{"total":63,"covered":63,"skipped":0,"pct":100},"functions":{"total":14,"covered":14,"skipped":0,"pct":100},"branches":{"total":80,"covered":79,"skipped":0,"pct":98.75},"branchesTrue":{"total":0,"covered":0,"skipped":0,"pct":"Unknown"}}
,"C:\\Users\\berna\\Music\\MovilCentro\\src\\utils\\routineUtils.js": {"lines":{"total":61,"covered":61,"skipped":0,"pct":100},"functions":{"total":14,"covered":14,"skipped":0,"pct":100},"statements":{"total":63,"covered":63,"skipped":0,"pct":100},"branches":{"total":80,"covered":79,"skipped":0,"pct":98.75}}
}
