TN:
SF:src\utils\routineUtils.js
FN:9,validateRoutineData
FN:29,(anonymous_1)
FN:55,calculateRoutineMetrics
FN:67,(anonymous_3)
FN:78,(anonymous_4)
FN:87,getRoutineImage
FN:94,(anonymous_6)
FN:104,calculateProgress
FN:109,(anonymous_8)
FN:125,formatTime
FN:141,validateRoutineParams
FN:163,calculateTotalDuration
FN:168,(anonymous_12)
FN:180,determineAssignmentState
FNF:14
FNH:14
FNDA:10,validateRoutineData
FNDA:7,(anonymous_1)
FNDA:10,calculateRoutineMetrics
FNDA:117,(anonymous_3)
FNDA:117,(anonymous_4)
FNDA:6,getRoutineImage
FNDA:5,(anonymous_6)
FNDA:6,calculateProgress
FNDA:8,(anonymous_8)
FNDA:15,formatTime
FNDA:5,validateRoutineParams
FNDA:5,calculateTotalDuration
FNDA:7,(anonymous_12)
FNDA:5,determineAssignmentState
DA:10,10
DA:12,10
DA:13,2
DA:16,8
DA:17,1
DA:20,8
DA:21,1
DA:24,8
DA:25,1
DA:28,8
DA:29,7
DA:30,7
DA:31,1
DA:34,7
DA:35,2
DA:38,7
DA:39,1
DA:44,8
DA:56,10
DA:57,3
DA:60,7
DA:61,1
DA:64,6
DA:65,6
DA:67,6
DA:68,117
DA:71,117
DA:74,6
DA:78,117
DA:88,6
DA:90,6
DA:91,3
DA:94,5
DA:95,3
DA:105,6
DA:106,3
DA:109,8
DA:110,3
DA:111,3
DA:113,3
DA:126,15
DA:127,5
DA:130,10
DA:131,10
DA:132,10
DA:142,5
DA:144,5
DA:145,3
DA:148,5
DA:149,1
DA:152,5
DA:164,5
DA:165,2
DA:168,3
DA:169,7
DA:170,7
DA:181,5
DA:182,1
DA:183,4
DA:184,2
DA:186,2
LF:61
LH:61
BRDA:12,0,0,2
BRDA:12,0,1,8
BRDA:16,1,0,1
BRDA:16,1,1,7
BRDA:16,2,0,8
BRDA:16,2,1,7
BRDA:20,3,0,1
BRDA:20,3,1,7
BRDA:20,4,0,8
BRDA:20,4,1,8
BRDA:24,5,0,1
BRDA:24,5,1,7
BRDA:24,6,0,8
BRDA:24,6,1,8
BRDA:28,7,0,7
BRDA:28,7,1,1
BRDA:28,8,0,8
BRDA:28,8,1,8
BRDA:30,9,0,1
BRDA:30,9,1,6
BRDA:30,10,0,7
BRDA:30,10,1,6
BRDA:34,11,0,2
BRDA:34,11,1,5
BRDA:34,12,0,7
BRDA:34,12,1,6
BRDA:38,13,0,1
BRDA:38,13,1,6
BRDA:38,14,0,7
BRDA:38,14,1,7
BRDA:56,15,0,3
BRDA:56,15,1,7
BRDA:56,16,0,10
BRDA:56,16,1,8
BRDA:60,17,0,1
BRDA:60,17,1,6
BRDA:60,18,0,7
BRDA:60,18,1,6
BRDA:68,19,0,115
BRDA:68,19,1,2
BRDA:68,20,0,117
BRDA:68,20,1,116
BRDA:78,21,0,117
BRDA:78,21,1,0
BRDA:90,22,0,3
BRDA:90,22,1,3
BRDA:90,23,0,6
BRDA:90,23,1,5
BRDA:90,23,2,3
BRDA:94,24,0,5
BRDA:94,24,1,1
BRDA:95,25,0,1
BRDA:95,25,1,2
BRDA:105,26,0,3
BRDA:105,26,1,3
BRDA:105,27,0,6
BRDA:105,27,1,5
BRDA:126,28,0,5
BRDA:126,28,1,10
BRDA:126,29,0,15
BRDA:126,29,1,12
BRDA:126,29,2,11
BRDA:144,30,0,3
BRDA:144,30,1,2
BRDA:144,31,0,5
BRDA:144,31,1,3
BRDA:144,31,2,2
BRDA:148,32,0,1
BRDA:148,32,1,4
BRDA:148,33,0,5
BRDA:148,33,1,4
BRDA:148,33,2,4
BRDA:164,34,0,2
BRDA:164,34,1,3
BRDA:169,35,0,4
BRDA:169,35,1,3
BRDA:181,36,0,1
BRDA:181,36,1,4
BRDA:183,37,0,2
BRDA:183,37,1,2
BRF:80
BRH:79
end_of_record
